<?xml version="1.0" encoding="UTF-8"?>
<testng-results skipped="0" failed="0" total="1" passed="1">
  <reporter-output>
  </reporter-output>
  <suite name="Default suite" duration-ms="22186" started-at="2018-11-23T08:53:08Z" finished-at="2018-11-23T08:53:30Z">
    <groups>
    </groups>
    <test name="Default test" duration-ms="22186" started-at="2018-11-23T08:53:08Z" finished-at="2018-11-23T08:53:30Z">
      <class name="com.Tesecases.Tc01_ValidateRegisterLink">
        <test-method status="PASS" signature="validateRegisterLink()[pri:0, instance:com.Tesecases.Tc01_ValidateRegisterLink@1593948d]" name="validateRegisterLink" duration-ms="22170" started-at="2018-11-23T14:23:08Z" finished-at="2018-11-23T14:23:30Z">
          <reporter-output>
          </reporter-output>
        </test-method> <!-- validateRegisterLink -->
      </class> <!-- com.Tesecases.Tc01_ValidateRegisterLink -->
    </test> <!-- Default test -->
  </suite> <!-- Default suite -->
</testng-results>
